12:08:35.065 [main] INFO  testCases.TC_001_AccountRegistrationTest - *** Starting TC_001_AccountRegistrationTest ***
12:08:35.344 [main] INFO  testCases.TC_001_AccountRegistrationTest - Clicked on MyAccount link
12:08:35.655 [main] INFO  testCases.TC_001_AccountRegistrationTest - Clicked on Register link
12:08:35.659 [main] INFO  testCases.TC_001_AccountRegistrationTest - Providing customer data
12:08:36.470 [main] INFO  testCases.TC_001_AccountRegistrationTest - Clicked on continue
12:08:36.519 [main] INFO  testCases.TC_001_AccountRegistrationTest - Validating expected msg
12:08:36.521 [main] INFO  testCases.TC_001_AccountRegistrationTest - *** Finished TC_001_AccountRegistrationTest ***
12:09:32.950 [main] DEBUG io.netty.util.internal.logging.InternalLoggerFactory - Using Log4J2 as the default logging framework
12:09:32.967 [main] DEBUG io.netty.util.ResourceLeakDetector - -Dio.netty.leakDetection.level: simple
12:09:32.967 [main] DEBUG io.netty.util.ResourceLeakDetector - -Dio.netty.leakDetection.targetRecords: 4
12:09:32.971 [main] DEBUG io.netty.util.ResourceLeakDetectorFactory - Loaded default ResourceLeakDetector: io.netty.util.ResourceLeakDetector@64f555e7
12:09:32.985 [main] DEBUG io.netty.util.internal.PlatformDependent0 - -Dio.netty.noUnsafe: false
12:09:32.986 [main] DEBUG io.netty.util.internal.PlatformDependent0 - Java version: 17
12:09:32.986 [main] DEBUG io.netty.util.internal.PlatformDependent0 - sun.misc.Unsafe.theUnsafe: available
12:09:32.987 [main] DEBUG io.netty.util.internal.PlatformDependent0 - sun.misc.Unsafe.copyMemory: available
12:09:32.987 [main] DEBUG io.netty.util.internal.PlatformDependent0 - sun.misc.Unsafe.storeFence: available
12:09:32.988 [main] DEBUG io.netty.util.internal.PlatformDependent0 - java.nio.Buffer.address: available
12:09:32.988 [main] DEBUG io.netty.util.internal.PlatformDependent0 - direct buffer constructor: unavailable: Reflective setAccessible(true) disabled
12:09:32.989 [main] DEBUG io.netty.util.internal.PlatformDependent0 - java.nio.Bits.unaligned: available, true
12:09:32.990 [main] DEBUG io.netty.util.internal.PlatformDependent0 - jdk.internal.misc.Unsafe.allocateUninitializedArray(int): unavailable: class io.netty.util.internal.PlatformDependent0$7 cannot access class jdk.internal.misc.Unsafe (in module java.base) because module java.base does not export jdk.internal.misc to unnamed module @7e32c033
12:09:32.991 [main] DEBUG io.netty.util.internal.PlatformDependent0 - java.nio.DirectByteBuffer.<init>(long, int): unavailable
12:09:32.991 [main] DEBUG io.netty.util.internal.PlatformDependent - sun.misc.Unsafe: available
12:09:32.992 [main] DEBUG io.netty.util.internal.PlatformDependent - maxDirectMemory: 1579155456 bytes (maybe)
12:09:32.992 [main] DEBUG io.netty.util.internal.PlatformDependent - -Dio.netty.tmpdir: C:\Users\samku\AppData\Local\Temp (java.io.tmpdir)
12:09:32.992 [main] DEBUG io.netty.util.internal.PlatformDependent - -Dio.netty.bitMode: 64 (sun.arch.data.model)
12:09:32.993 [main] DEBUG io.netty.util.internal.PlatformDependent - Platform: Windows
12:09:32.993 [main] DEBUG io.netty.util.internal.PlatformDependent - -Dio.netty.maxDirectMemory: -1 bytes
12:09:32.993 [main] DEBUG io.netty.util.internal.PlatformDependent - -Dio.netty.uninitializedArrayAllocationThreshold: -1
12:09:32.995 [main] DEBUG io.netty.util.internal.CleanerJava9 - java.nio.ByteBuffer.cleaner(): available
12:09:32.995 [main] DEBUG io.netty.util.internal.PlatformDependent - -Dio.netty.noPreferDirect: false
12:09:33.001 [main] DEBUG io.netty.util.internal.PlatformDependent - org.jctools-core.MpscChunkedArrayQueue: available
12:09:33.015 [main] DEBUG io.netty.util.internal.InternalThreadLocalMap - -Dio.netty.threadLocalMap.stringBuilder.initialSize: 1024
12:09:33.015 [main] DEBUG io.netty.util.internal.InternalThreadLocalMap - -Dio.netty.threadLocalMap.stringBuilder.maxSize: 4096
12:09:33.069 [main] DEBUG io.netty.handler.ssl.JdkSslContext - Default protocols (JDK): [TLSv1.3, TLSv1.2] 
12:09:33.069 [main] DEBUG io.netty.handler.ssl.JdkSslContext - Default cipher suites (JDK): [TLS_ECDHE_ECDSA_WITH_AES_256_GCM_SHA384, TLS_ECDHE_ECDSA_WITH_AES_128_GCM_SHA256, TLS_ECDHE_RSA_WITH_AES_128_GCM_SHA256, TLS_ECDHE_RSA_WITH_AES_256_GCM_SHA384, TLS_ECDHE_RSA_WITH_AES_128_CBC_SHA, TLS_ECDHE_RSA_WITH_AES_256_CBC_SHA, TLS_RSA_WITH_AES_128_GCM_SHA256, TLS_RSA_WITH_AES_128_CBC_SHA, TLS_RSA_WITH_AES_256_CBC_SHA, TLS_AES_128_GCM_SHA256, TLS_AES_256_GCM_SHA384]
12:09:33.091 [main] DEBUG io.netty.channel.MultithreadEventLoopGroup - -Dio.netty.eventLoopThreads: 16
12:09:33.099 [main] DEBUG io.netty.channel.nio.NioEventLoop - -Dio.netty.noKeySetOptimization: false
12:09:33.099 [main] DEBUG io.netty.channel.nio.NioEventLoop - -Dio.netty.selectorAutoRebuildThreshold: 512
12:09:33.148 [main] DEBUG io.netty.buffer.PooledByteBufAllocator - -Dio.netty.allocator.numHeapArenas: 16
12:09:33.148 [main] DEBUG io.netty.buffer.PooledByteBufAllocator - -Dio.netty.allocator.numDirectArenas: 16
12:09:33.148 [main] DEBUG io.netty.buffer.PooledByteBufAllocator - -Dio.netty.allocator.pageSize: 8192
12:09:33.148 [main] DEBUG io.netty.buffer.PooledByteBufAllocator - -Dio.netty.allocator.maxOrder: 9
12:09:33.149 [main] DEBUG io.netty.buffer.PooledByteBufAllocator - -Dio.netty.allocator.chunkSize: 4194304
12:09:33.149 [main] DEBUG io.netty.buffer.PooledByteBufAllocator - -Dio.netty.allocator.smallCacheSize: 256
12:09:33.149 [main] DEBUG io.netty.buffer.PooledByteBufAllocator - -Dio.netty.allocator.normalCacheSize: 64
12:09:33.149 [main] DEBUG io.netty.buffer.PooledByteBufAllocator - -Dio.netty.allocator.maxCachedBufferCapacity: 32768
12:09:33.149 [main] DEBUG io.netty.buffer.PooledByteBufAllocator - -Dio.netty.allocator.cacheTrimInterval: 8192
12:09:33.149 [main] DEBUG io.netty.buffer.PooledByteBufAllocator - -Dio.netty.allocator.cacheTrimIntervalMillis: 0
12:09:33.149 [main] DEBUG io.netty.buffer.PooledByteBufAllocator - -Dio.netty.allocator.useCacheForAllThreads: false
12:09:33.149 [main] DEBUG io.netty.buffer.PooledByteBufAllocator - -Dio.netty.allocator.maxCachedByteBuffersPerChunk: 1023
12:09:33.159 [main] DEBUG io.netty.buffer.ByteBufUtil - -Dio.netty.allocator.type: pooled
12:09:33.160 [main] DEBUG io.netty.buffer.ByteBufUtil - -Dio.netty.threadLocalDirectBufferSize: 0
12:09:33.160 [main] DEBUG io.netty.buffer.ByteBufUtil - -Dio.netty.maxThreadLocalCharBufferSize: 16384
12:09:33.420 [Forwarding newSession on session null to remote] DEBUG io.netty.channel.DefaultChannelId - -Dio.netty.processId: 3692 (auto-detected)
12:09:33.423 [Forwarding newSession on session null to remote] DEBUG io.netty.util.NetUtil - -Djava.net.preferIPv4Stack: false
12:09:33.423 [Forwarding newSession on session null to remote] DEBUG io.netty.util.NetUtil - -Djava.net.preferIPv6Addresses: false
12:09:33.434 [Forwarding newSession on session null to remote] DEBUG io.netty.util.NetUtilInitializations - Loopback interface: lo (Software Loopback Interface 1, 127.0.0.1)
12:09:33.436 [Forwarding newSession on session null to remote] DEBUG io.netty.util.NetUtil - Failed to get SOMAXCONN from sysctl and file \proc\sys\net\core\somaxconn. Default: 200
12:09:33.479 [Forwarding newSession on session null to remote] DEBUG io.netty.channel.DefaultChannelId - -Dio.netty.machineId: 40:5b:d8:ff:fe:16:8d:a1 (auto-detected)
12:09:33.530 [AsyncHttpClient-1-2] DEBUG io.netty.buffer.AbstractByteBuf - -Dio.netty.buffer.checkAccessible: true
12:09:33.531 [AsyncHttpClient-1-2] DEBUG io.netty.buffer.AbstractByteBuf - -Dio.netty.buffer.checkBounds: true
12:09:33.531 [AsyncHttpClient-1-2] DEBUG io.netty.util.ResourceLeakDetectorFactory - Loaded default ResourceLeakDetector: io.netty.util.ResourceLeakDetector@7acd1e03
12:09:33.553 [AsyncHttpClient-1-2] DEBUG io.netty.util.Recycler - -Dio.netty.recycler.maxCapacityPerThread: 4096
12:09:33.553 [AsyncHttpClient-1-2] DEBUG io.netty.util.Recycler - -Dio.netty.recycler.ratio: 8
12:09:33.553 [AsyncHttpClient-1-2] DEBUG io.netty.util.Recycler - -Dio.netty.recycler.chunkSize: 32
12:09:33.553 [AsyncHttpClient-1-2] DEBUG io.netty.util.Recycler - -Dio.netty.recycler.blocking: false
12:09:36.043 [AsyncHttpClient-1-2] DEBUG io.netty.handler.codec.compression.Brotli - brotli4j not in the classpath; Brotli support will be unavailable.
12:09:37.901 [main] DEBUG testCases.TC_001_AccountRegistrationTest - application logs...
12:09:37.901 [main] INFO  testCases.TC_001_AccountRegistrationTest - *** Starting TC_001_AccountRegistrationTest ***
12:09:38.173 [main] INFO  testCases.TC_001_AccountRegistrationTest - Clicked on MyAccount link
12:09:38.529 [main] INFO  testCases.TC_001_AccountRegistrationTest - Clicked on Register link
12:09:38.533 [main] INFO  testCases.TC_001_AccountRegistrationTest - Providing customer data
12:09:39.121 [main] INFO  testCases.TC_001_AccountRegistrationTest - Clicked on continue
12:09:39.448 [main] INFO  testCases.TC_001_AccountRegistrationTest - Validating expected msg
12:09:39.450 [main] INFO  testCases.TC_001_AccountRegistrationTest - *** Finished TC_001_AccountRegistrationTest ***
12:09:39.470 [main] DEBUG io.netty.util.internal.ThreadLocalRandom - -Dio.netty.initialSeedUniquifier: 0x9ccb7f0dda0ee888
12:15:36.616 [main] INFO  testCases.TC_001_AccountRegistrationTest - *** Starting TC_001_AccountRegistrationTest ***
12:15:36.747 [main] INFO  testCases.TC_001_AccountRegistrationTest - Clicked on MyAccount link
12:15:37.101 [main] INFO  testCases.TC_001_AccountRegistrationTest - Clicked on Register link
12:15:37.105 [main] INFO  testCases.TC_001_AccountRegistrationTest - Providing customer data
12:15:38.561 [main] ERROR testCases.TC_001_AccountRegistrationTest - Test failed
12:16:03.724 [main] INFO  testCases.TC_001_AccountRegistrationTest - *** Starting TC_001_AccountRegistrationTest ***
12:16:03.839 [main] INFO  testCases.TC_001_AccountRegistrationTest - Clicked on MyAccount link
12:16:04.240 [main] INFO  testCases.TC_001_AccountRegistrationTest - Clicked on Register link
12:16:04.243 [main] INFO  testCases.TC_001_AccountRegistrationTest - Providing customer data
12:16:04.685 [main] INFO  testCases.TC_001_AccountRegistrationTest - Clicked on continue
12:16:05.116 [main] INFO  testCases.TC_001_AccountRegistrationTest - Validating expected msg
12:16:05.118 [main] INFO  testCases.TC_001_AccountRegistrationTest - *** Finished TC_001_AccountRegistrationTest ***
12:29:19.432 [main] INFO  testCases.TC_001_AccountRegistrationTest - *** Starting TC_001_AccountRegistrationTest ***
12:29:19.544 [main] INFO  testCases.TC_001_AccountRegistrationTest - Clicked on MyAccount link
12:29:19.920 [main] INFO  testCases.TC_001_AccountRegistrationTest - Clicked on Register link
12:29:19.928 [main] INFO  testCases.TC_001_AccountRegistrationTest - Providing customer data
12:29:20.361 [main] INFO  testCases.TC_001_AccountRegistrationTest - Clicked on continue
12:29:20.838 [main] INFO  testCases.TC_001_AccountRegistrationTest - Validating expected msg
12:29:20.841 [main] INFO  testCases.TC_001_AccountRegistrationTest - *** Finished TC_001_AccountRegistrationTest ***
12:29:39.511 [main] INFO  testCases.TC_001_AccountRegistrationTest - *** Starting TC_001_AccountRegistrationTest ***
12:29:39.627 [main] INFO  testCases.TC_001_AccountRegistrationTest - Clicked on MyAccount link
12:29:39.973 [main] INFO  testCases.TC_001_AccountRegistrationTest - Clicked on Register link
12:29:39.975 [main] INFO  testCases.TC_001_AccountRegistrationTest - Providing customer data
12:29:41.498 [main] ERROR testCases.TC_001_AccountRegistrationTest - Test failed
12:33:06.527 [TestNG-tests-1] INFO  testCases.TC_001_AccountRegistrationTest - *** Starting TC_001_AccountRegistrationTest ***
12:33:06.681 [TestNG-tests-1] INFO  testCases.TC_001_AccountRegistrationTest - Clicked on MyAccount link
12:33:07.245 [TestNG-tests-1] INFO  testCases.TC_001_AccountRegistrationTest - Clicked on Register link
12:33:07.249 [TestNG-tests-1] INFO  testCases.TC_001_AccountRegistrationTest - Providing customer data
12:33:07.884 [TestNG-tests-1] INFO  testCases.TC_001_AccountRegistrationTest - Clicked on continue
12:33:08.417 [TestNG-tests-1] INFO  testCases.TC_001_AccountRegistrationTest - Validating expected msg
12:33:08.419 [TestNG-tests-1] INFO  testCases.TC_001_AccountRegistrationTest - *** Finished TC_001_AccountRegistrationTest ***
12:33:09.394 [TestNG-tests-2] INFO  testCases.TC_001_AccountRegistrationTest - *** Starting TC_001_AccountRegistrationTest ***
12:33:09.646 [TestNG-tests-2] INFO  testCases.TC_001_AccountRegistrationTest - Clicked on MyAccount link
12:33:10.002 [TestNG-tests-2] INFO  testCases.TC_001_AccountRegistrationTest - Clicked on Register link
12:33:10.004 [TestNG-tests-2] INFO  testCases.TC_001_AccountRegistrationTest - Providing customer data
12:33:10.874 [TestNG-tests-2] INFO  testCases.TC_001_AccountRegistrationTest - Clicked on continue
12:33:10.919 [TestNG-tests-2] INFO  testCases.TC_001_AccountRegistrationTest - Validating expected msg
12:33:10.920 [TestNG-tests-2] INFO  testCases.TC_001_AccountRegistrationTest - *** Finished TC_001_AccountRegistrationTest ***
12:42:56.800 [main] INFO  testCases.TC_001_AccountRegistrationTest - *** Starting TC_001_AccountRegistrationTest ***
12:42:56.896 [main] INFO  testCases.TC_001_AccountRegistrationTest - Clicked on MyAccount link
12:42:57.232 [main] INFO  testCases.TC_001_AccountRegistrationTest - Clicked on Register link
12:42:57.234 [main] INFO  testCases.TC_001_AccountRegistrationTest - Providing customer data
12:42:57.682 [main] INFO  testCases.TC_001_AccountRegistrationTest - Clicked on continue
12:42:58.123 [main] INFO  testCases.TC_001_AccountRegistrationTest - Validating expected msg
12:42:58.124 [main] INFO  testCases.TC_001_AccountRegistrationTest - *** Finished TC_001_AccountRegistrationTest ***
13:02:23.645 [main] INFO  testCases.TC_001_AccountRegistrationTest - *** Starting TC_001_AccountRegistrationTest ***
13:02:23.824 [main] INFO  testCases.TC_001_AccountRegistrationTest - Clicked on MyAccount link
13:02:24.945 [main] INFO  testCases.TC_001_AccountRegistrationTest - Clicked on Register link
13:02:24.954 [main] INFO  testCases.TC_001_AccountRegistrationTest - Providing customer data
13:02:25.587 [main] INFO  testCases.TC_001_AccountRegistrationTest - Clicked on continue
13:02:26.175 [main] INFO  testCases.TC_001_AccountRegistrationTest - Validating expected msg
13:02:26.177 [main] INFO  testCases.TC_001_AccountRegistrationTest - *** Finished TC_001_AccountRegistrationTest ***
13:04:49.010 [main] INFO  testCases.TC_001_AccountRegistrationTest - *** Starting TC_001_AccountRegistrationTest ***
13:04:49.124 [main] INFO  testCases.TC_001_AccountRegistrationTest - Clicked on MyAccount link
13:04:49.791 [main] INFO  testCases.TC_001_AccountRegistrationTest - Clicked on Register link
13:04:49.793 [main] INFO  testCases.TC_001_AccountRegistrationTest - Providing customer data
13:04:50.187 [main] INFO  testCases.TC_001_AccountRegistrationTest - Clicked on continue
13:05:00.251 [main] INFO  testCases.TC_001_AccountRegistrationTest - Validating expected msg
20:33:59.367 [main] INFO  testCases.TC_002_LoginTest - **** Starting TC_002_LoginTest ****
20:33:59.661 [main] INFO  testCases.TC_002_LoginTest - Clicked on MyAccount
20:34:00.083 [main] INFO  testCases.TC_002_LoginTest - Clicked on Login
20:34:00.089 [main] INFO  testCases.TC_002_LoginTest - Providing login details
20:34:00.560 [main] INFO  testCases.TC_002_LoginTest - Clicked on Login button
20:34:01.207 [main] INFO  testCases.TC_002_LoginTest - **** Finished TC_002_LoginTest ****
20:35:54.095 [main] INFO  testCases.TC_002_LoginTest - **** Starting TC_002_LoginTest ****
20:35:54.254 [main] INFO  testCases.TC_002_LoginTest - Clicked on MyAccount
20:35:54.927 [main] INFO  testCases.TC_002_LoginTest - Clicked on Login
20:35:54.929 [main] INFO  testCases.TC_002_LoginTest - Providing login details
20:35:55.341 [main] INFO  testCases.TC_002_LoginTest - Clicked on Login button
21:10:34.334 [main] INFO  testCases.TC_003_LoginDataDrivenTest - **** Starting TC_003_LoginDataDrivenTest ****
21:10:35.071 [main] INFO  testCases.TC_003_LoginDataDrivenTest - Providing login details
21:10:35.487 [main] INFO  testCases.TC_003_LoginDataDrivenTest - Clicked on Login button
21:10:48.080 [main] INFO  testCases.TC_003_LoginDataDrivenTest - **** Starting TC_003_LoginDataDrivenTest ****
21:10:58.376 [main] INFO  testCases.TC_003_LoginDataDrivenTest - **** Starting TC_003_LoginDataDrivenTest ****
21:11:08.697 [main] INFO  testCases.TC_003_LoginDataDrivenTest - **** Starting TC_003_LoginDataDrivenTest ****
21:11:19.087 [main] INFO  testCases.TC_003_LoginDataDrivenTest - **** Starting TC_003_LoginDataDrivenTest ****
21:15:17.191 [main] INFO  testCases.TC_003_LoginDataDrivenTest - **** Starting TC_003_LoginDataDrivenTest ****
21:15:19.832 [main] INFO  testCases.TC_003_LoginDataDrivenTest - **** Finished TC_003_LoginDataDrivenTest ****
21:15:19.850 [main] INFO  testCases.TC_003_LoginDataDrivenTest - **** Starting TC_003_LoginDataDrivenTest ****
21:15:30.658 [main] INFO  testCases.TC_003_LoginDataDrivenTest - **** Finished TC_003_LoginDataDrivenTest ****
21:15:30.661 [main] INFO  testCases.TC_003_LoginDataDrivenTest - **** Starting TC_003_LoginDataDrivenTest ****
21:15:32.586 [main] INFO  testCases.TC_003_LoginDataDrivenTest - **** Finished TC_003_LoginDataDrivenTest ****
21:15:32.589 [main] INFO  testCases.TC_003_LoginDataDrivenTest - **** Starting TC_003_LoginDataDrivenTest ****
21:15:43.457 [main] INFO  testCases.TC_003_LoginDataDrivenTest - **** Finished TC_003_LoginDataDrivenTest ****
21:15:43.457 [main] INFO  testCases.TC_003_LoginDataDrivenTest - **** Starting TC_003_LoginDataDrivenTest ****
21:15:45.445 [main] INFO  testCases.TC_003_LoginDataDrivenTest - **** Finished TC_003_LoginDataDrivenTest ****
21:28:01.423 [main] INFO  testCases.TC_001_AccountRegistrationTest - *** Starting TC_001_AccountRegistrationTest ***
21:28:01.539 [main] INFO  testCases.TC_001_AccountRegistrationTest - Clicked on MyAccount link
21:28:02.164 [main] INFO  testCases.TC_001_AccountRegistrationTest - Clicked on Register link
21:28:02.166 [main] INFO  testCases.TC_001_AccountRegistrationTest - Providing customer data
21:28:02.753 [main] INFO  testCases.TC_001_AccountRegistrationTest - Clicked on continue
21:28:12.817 [main] INFO  testCases.TC_001_AccountRegistrationTest - Validating expected msg
21:28:15.465 [main] INFO  testCases.TC_002_LoginTest - **** Starting TC_002_LoginTest ****
21:28:15.641 [main] INFO  testCases.TC_002_LoginTest - Clicked on MyAccount
21:28:15.985 [main] INFO  testCases.TC_002_LoginTest - Clicked on Login
21:28:15.987 [main] INFO  testCases.TC_002_LoginTest - Providing login details
21:28:16.328 [main] INFO  testCases.TC_002_LoginTest - Clicked on Login button
21:28:16.819 [main] INFO  testCases.TC_002_LoginTest - **** Finished TC_002_LoginTest ****
21:30:04.299 [main] INFO  testCases.TC_001_AccountRegistrationTest - *** Starting TC_001_AccountRegistrationTest ***
21:30:04.407 [main] INFO  testCases.TC_001_AccountRegistrationTest - Clicked on MyAccount link
21:30:05.040 [main] INFO  testCases.TC_001_AccountRegistrationTest - Clicked on Register link
21:30:05.042 [main] INFO  testCases.TC_001_AccountRegistrationTest - Providing customer data
21:30:05.757 [main] INFO  testCases.TC_001_AccountRegistrationTest - Clicked on continue
21:30:06.380 [main] INFO  testCases.TC_001_AccountRegistrationTest - Validating expected msg
21:30:06.382 [main] INFO  testCases.TC_001_AccountRegistrationTest - *** Finished TC_001_AccountRegistrationTest ***
21:30:09.232 [main] INFO  testCases.TC_002_LoginTest - **** Starting TC_002_LoginTest ****
21:30:09.327 [main] INFO  testCases.TC_002_LoginTest - Clicked on MyAccount
21:30:10.230 [main] INFO  testCases.TC_002_LoginTest - Clicked on Login
21:30:10.233 [main] INFO  testCases.TC_002_LoginTest - Providing login details
21:30:10.638 [main] INFO  testCases.TC_002_LoginTest - Clicked on Login button
21:30:11.228 [main] INFO  testCases.TC_002_LoginTest - **** Finished TC_002_LoginTest ****
21:34:58.701 [main] INFO  testCases.TC_001_AccountRegistrationTest - *** Starting TC_001_AccountRegistrationTest ***
21:34:58.914 [main] INFO  testCases.TC_001_AccountRegistrationTest - Clicked on MyAccount link
21:34:59.402 [main] INFO  testCases.TC_001_AccountRegistrationTest - Clicked on Register link
21:34:59.404 [main] INFO  testCases.TC_001_AccountRegistrationTest - Providing customer data
21:35:00.184 [main] INFO  testCases.TC_001_AccountRegistrationTest - Clicked on continue
21:35:00.822 [main] INFO  testCases.TC_001_AccountRegistrationTest - Validating expected msg
21:35:04.057 [main] INFO  testCases.TC_002_LoginTest - **** Starting TC_002_LoginTest ****
21:35:04.377 [main] INFO  testCases.TC_002_LoginTest - Clicked on MyAccount
21:35:04.758 [main] INFO  testCases.TC_002_LoginTest - Clicked on Login
21:35:04.762 [main] INFO  testCases.TC_002_LoginTest - Providing login details
21:35:05.261 [main] INFO  testCases.TC_002_LoginTest - Clicked on Login button
21:35:05.920 [main] INFO  testCases.TC_002_LoginTest - **** Finished TC_002_LoginTest ****
21:35:58.476 [main] INFO  testCases.TC_001_AccountRegistrationTest - *** Starting TC_001_AccountRegistrationTest ***
21:35:58.774 [main] INFO  testCases.TC_001_AccountRegistrationTest - Clicked on MyAccount link
21:35:59.132 [main] INFO  testCases.TC_001_AccountRegistrationTest - Clicked on Register link
21:35:59.136 [main] INFO  testCases.TC_001_AccountRegistrationTest - Providing customer data
21:35:59.952 [main] INFO  testCases.TC_001_AccountRegistrationTest - Clicked on continue
21:36:00.570 [main] INFO  testCases.TC_001_AccountRegistrationTest - Validating expected msg
21:36:00.573 [main] INFO  testCases.TC_001_AccountRegistrationTest - *** Finished TC_001_AccountRegistrationTest ***
21:36:58.970 [main] INFO  testCases.TC_001_AccountRegistrationTest - *** Starting TC_001_AccountRegistrationTest ***
21:36:59.112 [main] INFO  testCases.TC_001_AccountRegistrationTest - Clicked on MyAccount link
21:36:59.776 [main] INFO  testCases.TC_001_AccountRegistrationTest - Clicked on Register link
21:36:59.778 [main] INFO  testCases.TC_001_AccountRegistrationTest - Providing customer data
21:37:00.551 [main] INFO  testCases.TC_001_AccountRegistrationTest - Clicked on continue
21:37:01.296 [main] INFO  testCases.TC_001_AccountRegistrationTest - Validating expected msg
21:37:01.297 [main] INFO  testCases.TC_001_AccountRegistrationTest - *** Finished TC_001_AccountRegistrationTest ***
21:37:03.569 [main] INFO  testCases.TC_002_LoginTest - **** Starting TC_002_LoginTest ****
21:37:03.725 [main] INFO  testCases.TC_002_LoginTest - Clicked on MyAccount
21:37:04.042 [main] INFO  testCases.TC_002_LoginTest - Clicked on Login
21:37:04.044 [main] INFO  testCases.TC_002_LoginTest - Providing login details
21:37:04.572 [main] INFO  testCases.TC_002_LoginTest - Clicked on Login button
21:37:46.287 [main] INFO  testCases.TC_002_LoginTest - **** Starting TC_002_LoginTest ****
21:37:46.532 [main] INFO  testCases.TC_002_LoginTest - Clicked on MyAccount
21:37:46.896 [main] INFO  testCases.TC_002_LoginTest - Clicked on Login
21:37:46.898 [main] INFO  testCases.TC_002_LoginTest - Providing login details
21:37:47.439 [main] INFO  testCases.TC_002_LoginTest - Clicked on Login button
21:37:48.020 [main] INFO  testCases.TC_002_LoginTest - **** Finished TC_002_LoginTest ****
17:14:44.902 [main] INFO  testCases.TC_001_AccountRegistrationTest - *** Starting TC_001_AccountRegistrationTest ***
17:14:45.196 [main] INFO  testCases.TC_001_AccountRegistrationTest - Clicked on MyAccount link
17:14:47.533 [main] INFO  testCases.TC_001_AccountRegistrationTest - Clicked on Register link
17:14:47.538 [main] INFO  testCases.TC_001_AccountRegistrationTest - Providing customer data
17:14:49.033 [main] INFO  testCases.TC_001_AccountRegistrationTest - Clicked on continue
17:14:51.213 [main] INFO  testCases.TC_001_AccountRegistrationTest - Validating expected msg
17:14:51.219 [main] INFO  testCases.TC_001_AccountRegistrationTest - *** Finished TC_001_AccountRegistrationTest ***
17:14:56.288 [main] INFO  testCases.TC_002_LoginTest - **** Starting TC_002_LoginTest ****
17:14:56.429 [main] INFO  testCases.TC_002_LoginTest - Clicked on MyAccount
17:14:57.338 [main] INFO  testCases.TC_002_LoginTest - Clicked on Login
17:14:57.350 [main] INFO  testCases.TC_002_LoginTest - Providing login details
17:14:57.878 [main] INFO  testCases.TC_002_LoginTest - Clicked on Login button
17:14:59.177 [main] INFO  testCases.TC_002_LoginTest - **** Finished TC_002_LoginTest ****
17:32:20.553 [main] INFO  testCases.TC_001_AccountRegistrationTest - *** Starting TC_001_AccountRegistrationTest ***
17:32:20.889 [main] INFO  testCases.TC_001_AccountRegistrationTest - Clicked on MyAccount link
17:32:21.829 [main] INFO  testCases.TC_001_AccountRegistrationTest - Clicked on Register link
17:32:21.845 [main] INFO  testCases.TC_001_AccountRegistrationTest - Providing customer data
17:32:23.129 [main] INFO  testCases.TC_001_AccountRegistrationTest - Clicked on continue
17:32:24.535 [main] INFO  testCases.TC_001_AccountRegistrationTest - Validating expected msg
17:32:24.584 [main] INFO  testCases.TC_001_AccountRegistrationTest - *** Finished TC_001_AccountRegistrationTest ***
17:32:28.990 [main] INFO  testCases.TC_002_LoginTest - **** Starting TC_002_LoginTest ****
17:32:29.382 [main] INFO  testCases.TC_002_LoginTest - Clicked on MyAccount
17:32:30.055 [main] INFO  testCases.TC_002_LoginTest - Clicked on Login
17:32:30.083 [main] INFO  testCases.TC_002_LoginTest - Providing login details
17:32:31.078 [main] INFO  testCases.TC_002_LoginTest - Clicked on Login button
17:32:32.217 [main] INFO  testCases.TC_002_LoginTest - **** Finished TC_002_LoginTest ****
17:35:47.300 [main] INFO  testCases.TC_001_AccountRegistrationTest - *** Starting TC_001_AccountRegistrationTest ***
17:35:47.525 [main] INFO  testCases.TC_001_AccountRegistrationTest - Clicked on MyAccount link
17:35:48.514 [main] INFO  testCases.TC_001_AccountRegistrationTest - Clicked on Register link
17:35:48.518 [main] INFO  testCases.TC_001_AccountRegistrationTest - Providing customer data
17:35:49.639 [main] INFO  testCases.TC_001_AccountRegistrationTest - Clicked on continue
17:35:50.885 [main] INFO  testCases.TC_001_AccountRegistrationTest - Validating expected msg
17:35:50.889 [main] INFO  testCases.TC_001_AccountRegistrationTest - *** Finished TC_001_AccountRegistrationTest ***
17:35:55.006 [main] INFO  testCases.TC_002_LoginTest - **** Starting TC_002_LoginTest ****
17:35:55.526 [main] INFO  testCases.TC_002_LoginTest - Clicked on MyAccount
17:35:56.255 [main] INFO  testCases.TC_002_LoginTest - Clicked on Login
17:35:56.259 [main] INFO  testCases.TC_002_LoginTest - Providing login details
17:35:57.280 [main] INFO  testCases.TC_002_LoginTest - Clicked on Login button
17:35:58.532 [main] INFO  testCases.TC_002_LoginTest - **** Finished TC_002_LoginTest ****
21:41:17.282 [main] INFO  testCases.TC_001_AccountRegistrationTest - *** Starting TC_001_AccountRegistrationTest ***
21:41:17.426 [main] INFO  testCases.TC_001_AccountRegistrationTest - Clicked on MyAccount link
21:41:18.726 [main] INFO  testCases.TC_001_AccountRegistrationTest - Clicked on Register link
21:41:18.744 [main] INFO  testCases.TC_001_AccountRegistrationTest - Providing customer data
21:41:19.443 [main] INFO  testCases.TC_001_AccountRegistrationTest - Clicked on continue
21:41:20.932 [main] INFO  testCases.TC_001_AccountRegistrationTest - Validating expected msg
21:41:20.934 [main] INFO  testCases.TC_001_AccountRegistrationTest - *** Finished TC_001_AccountRegistrationTest ***
21:41:23.745 [main] INFO  testCases.TC_002_LoginTest - **** Starting TC_002_LoginTest ****
21:41:23.820 [main] INFO  testCases.TC_002_LoginTest - Clicked on MyAccount
21:41:25.745 [main] INFO  testCases.TC_002_LoginTest - Clicked on Login
21:41:25.808 [main] INFO  testCases.TC_002_LoginTest - Providing login details
21:41:26.024 [main] INFO  testCases.TC_002_LoginTest - Clicked on Login button
21:41:26.687 [main] INFO  testCases.TC_002_LoginTest - **** Finished TC_002_LoginTest ****
21:46:12.943 [main] INFO  testCases.TC_001_AccountRegistrationTest - *** Starting TC_001_AccountRegistrationTest ***
21:46:13.077 [main] INFO  testCases.TC_001_AccountRegistrationTest - Clicked on MyAccount link
21:46:13.470 [main] INFO  testCases.TC_001_AccountRegistrationTest - Clicked on Register link
21:46:13.473 [main] INFO  testCases.TC_001_AccountRegistrationTest - Providing customer data
21:46:13.965 [main] INFO  testCases.TC_001_AccountRegistrationTest - Clicked on continue
21:46:14.645 [main] INFO  testCases.TC_001_AccountRegistrationTest - Validating expected msg
21:46:14.647 [main] INFO  testCases.TC_001_AccountRegistrationTest - *** Finished TC_001_AccountRegistrationTest ***
21:46:16.785 [main] INFO  testCases.TC_002_LoginTest - **** Starting TC_002_LoginTest ****
21:46:16.863 [main] INFO  testCases.TC_002_LoginTest - Clicked on MyAccount
21:46:17.263 [main] INFO  testCases.TC_002_LoginTest - Clicked on Login
21:46:17.273 [main] INFO  testCases.TC_002_LoginTest - Providing login details
21:46:17.498 [main] INFO  testCases.TC_002_LoginTest - Clicked on Login button
21:46:17.862 [main] INFO  testCases.TC_002_LoginTest - **** Finished TC_002_LoginTest ****
14:39:09.616 [main] INFO  testCases.TC_004_SearchProductTest -  Starting TC_004_SearchProductTest 
14:41:06.028 [main] INFO  testCases.TC_004_SearchProductTest -  Starting TC_004_SearchProductTest 
14:46:41.469 [main] INFO  testCases.TC_004_SearchProductTest -  Starting TC_004_SearchProductTest 
14:49:43.094 [main] INFO  testCases.TC_004_SearchProductTest -  Starting TC_004_SearchProductTest 
14:50:36.329 [main] INFO  testCases.TC_001_AccountRegistrationTest - *** Starting TC_001_AccountRegistrationTest ***
14:50:36.444 [main] INFO  testCases.TC_001_AccountRegistrationTest - Clicked on MyAccount link
14:50:39.289 [main] INFO  testCases.TC_001_AccountRegistrationTest - Clicked on Register link
14:50:39.312 [main] INFO  testCases.TC_001_AccountRegistrationTest - Providing customer data
14:50:39.837 [main] INFO  testCases.TC_001_AccountRegistrationTest - Clicked on continue
14:50:41.041 [main] INFO  testCases.TC_001_AccountRegistrationTest - Validating expected msg
14:50:41.041 [main] INFO  testCases.TC_001_AccountRegistrationTest - *** Finished TC_001_AccountRegistrationTest ***
14:50:43.296 [main] INFO  testCases.TC_002_LoginTest - **** Starting TC_002_LoginTest ****
14:50:43.370 [main] INFO  testCases.TC_002_LoginTest - Clicked on MyAccount
14:50:43.980 [main] INFO  testCases.TC_002_LoginTest - Clicked on Login
14:50:43.989 [main] INFO  testCases.TC_002_LoginTest - Providing login details
14:50:44.203 [main] INFO  testCases.TC_002_LoginTest - Clicked on Login button
14:50:44.761 [main] INFO  testCases.TC_002_LoginTest - **** Finished TC_002_LoginTest ****
14:56:48.522 [main] INFO  testCases.TC_004_SearchProductTest -  Starting TC_004_SearchProductTest 
15:00:41.161 [main] INFO  testCases.TC_004_SearchProductTest -  Starting TC_004_SearchProductTest 
15:01:19.789 [main] INFO  testCases.TC_004_SearchProductTest -  Starting TC_004_SearchProductTest 
15:01:19.982 [main] INFO  testCases.TC_004_SearchProductTest -  Finished TC_004_SearchProductTest 
15:03:08.898 [main] INFO  testCases.TC_004_SearchProductTest -  Starting TC_004_SearchProductTest 
15:03:09.038 [main] INFO  testCases.TC_004_SearchProductTest -  Finished TC_004_SearchProductTest 
15:04:43.171 [main] INFO  testCases.TC_004_SearchProductTest -  Starting TC_004_SearchProductTest 
15:04:43.909 [main] INFO  testCases.TC_004_SearchProductTest -  Finished TC_004_SearchProductTest 
15:05:30.293 [main] INFO  testCases.TC_004_SearchProductTest -  Starting TC_004_SearchProductTest 
15:05:34.086 [main] INFO  testCases.TC_004_SearchProductTest -  Finished TC_004_SearchProductTest 
15:06:20.866 [main] INFO  testCases.TC_004_SearchProductTest -  Starting TC_004_SearchProductTest 
15:07:24.981 [main] INFO  testCases.TC_004_SearchProductTest -  Starting TC_004_SearchProductTest 
15:07:51.482 [main] INFO  testCases.TC_004_SearchProductTest -  Starting TC_004_SearchProductTest 
15:07:52.657 [main] INFO  testCases.TC_004_SearchProductTest -  Finished TC_004_SearchProductTest 
15:22:34.149 [main] INFO  testCases.TC_005_AddToCartPageTest -  Starting TC_005_AddToCartPageTest 
15:22:36.281 [main] INFO  testCases.TC_005_AddToCartPageTest -  Finished TC_005_AddToCartPageTest 
